\BOOKMARK [1][-]{section.1}{\376\377\0001\000.\000\040\000I\000n\000t\000r\000o\000d\000u\000c\000t\000i\000o\000n}{}% 1
\BOOKMARK [1][-]{section.2}{\376\377\0002\000.\000\040\000B\000a\000s\000i\000c\000\040\000T\000h\000e\000o\000r\000y\000\040\000o\000f\000\040\000I\000n\000t\000e\000g\000r\000a\000t\000i\000o\000n}{}% 2
\BOOKMARK [1][-]{section.3}{\376\377\0003\000.\000\040\000N\000e\000c\000e\000s\000s\000a\000r\000y\000\040\000a\000n\000d\000\040\000S\000u\000f\000f\000i\000c\000i\000e\000n\000t\000\040\000C\000o\000n\000d\000i\000t\000i\000o\000n\000s\000\040\000f\000o\000r\000\040\000I\000n\000t\000e\000g\000r\000a\000b\000i\000l\000i\000t\000y}{}% 3
\BOOKMARK [1][-]{section.4}{\376\377\0004\000.\000\040\000I\000n\000t\000e\000g\000r\000a\000t\000i\000n\000g\000\040\000O\000v\000e\000r\000\040\000N\000o\000n\000-\000R\000e\000c\000t\000a\000n\000g\000l\000e\000s}{}% 4
\BOOKMARK [1][-]{section.5}{\376\377\0005\000.\000\040\000F\000u\000b\000i\000n\000i\000'\000s\000\040\000T\000h\000e\000o\000r\000e\000m}{}% 5
\BOOKMARK [1][-]{section.6}{\376\377\0006\000.\000\040\000P\000a\000r\000t\000i\000t\000i\000o\000n\000s\000\040\000o\000f\000\040\000U\000n\000i\000t\000y}{}% 6
\BOOKMARK [1][-]{section.7}{\376\377\0007\000.\000\040\000T\000e\000r\000m\000\040\000T\000e\000s\000t\000\040\0002\000\040\000R\000e\000j\000e\000c\000t\000s}{}% 7
\BOOKMARK [1][-]{section.8}{\376\377\0008\000.\000\040\000P\000r\000o\000b\000l\000e\000m\000\040\0001}{}% 8
\BOOKMARK [1][-]{section.9}{\376\377\0009\000.\000\040\000P\000r\000o\000b\000l\000e\000m\000\040\0002}{}% 9
\BOOKMARK [2][-]{subsection.9.1}{\376\377\0009\000.\0001\000.\000\040\000P\000a\000r\000t\000\040\000A}{section.9}% 10
\BOOKMARK [2][-]{subsection.9.2}{\376\377\0009\000.\0002\000.\000\040\000P\000a\000r\000t\000\040\000B}{section.9}% 11
\BOOKMARK [1][-]{section.10}{\376\377\0001\0000\000.\000\040\000P\000r\000o\000b\000l\000e\000m\000\040\0003}{}% 12
\BOOKMARK [1][-]{section.11}{\376\377\0001\0001\000.\000\040\000P\000r\000o\000b\000l\000e\000m\000\040\0004}{}% 13
\BOOKMARK [1][-]{section.12}{\376\377\0001\0002\000.\000\040\000P\000r\000o\000b\000l\000e\000m\000\040\0005}{}% 14
\BOOKMARK [2][-]{subsection.12.1}{\376\377\0001\0002\000.\0001\000.\000\040\000P\000a\000r\000t\000\040\000A}{section.12}% 15
\BOOKMARK [2][-]{subsection.12.2}{\376\377\0001\0002\000.\0002\000.\000\040\000P\000a\000r\000t\000\040\000B}{section.12}% 16
\BOOKMARK [1][-]{section.13}{\376\377\0001\0003\000.\000\040\000P\000r\000o\000b\000l\000e\000m\000\040\0006}{}% 17
\BOOKMARK [1][-]{section.14}{\376\377\0001\0004\000.\000\040\000P\000r\000o\000b\000l\000e\000m\000\040\0008}{}% 18
\BOOKMARK [1][-]{section.15}{\376\377\0001\0005\000.\000\040\000P\000r\000o\000b\000l\000e\000m\000\040\0001\0001}{}% 19
\BOOKMARK [1][-]{section.16}{\376\377\0001\0006\000.\000\040\000P\000r\000o\000b\000l\000e\000m\000\040\0001\0002}{}% 20
\BOOKMARK [2][-]{subsection.16.1}{\376\377\0001\0006\000.\0001\000.\000\040\000P\000a\000r\000t\000\040\000A}{section.16}% 21
\BOOKMARK [2][-]{subsection.16.2}{\376\377\0001\0006\000.\0002\000.\000\040\000P\000a\000r\000t\000\040\000B}{section.16}% 22
\BOOKMARK [1][-]{section.17}{\376\377\0001\0007\000.\000\040\000P\000r\000o\000b\000l\000e\000m\000\040\0001\0003}{}% 23
\BOOKMARK [1][-]{section.18}{\376\377\0001\0008\000.\000\040\000P\000r\000o\000b\000l\000e\000m\000\040\0001\0004}{}% 24
\BOOKMARK [1][-]{section.19}{\376\377\0001\0009\000.\000\040\000P\000r\000o\000b\000l\000e\000m\000\040\0001\0005}{}% 25
\BOOKMARK [1][-]{section.20}{\376\377\0002\0000\000.\000\040\000P\000r\000o\000b\000l\000e\000m\000\040\0001\0006}{}% 26
\BOOKMARK [1][-]{section.21}{\376\377\0002\0001\000.\000\040\000P\000r\000o\000b\000l\000e\000m\000\040\0001\0007}{}% 27
