\BOOKMARK [1][-]{section.1}{\376\377\0001\000.\000\040\000I\000n\000t\000r\000o\000d\000u\000c\000t\000i\000o\000n}{}% 1
\BOOKMARK [1][-]{section.2}{\376\377\0002\000.\000\040\000O\000p\000e\000n\000\040\000S\000e\000t\000s\000,\000\040\000C\000o\000m\000p\000a\000c\000t\000n\000e\000s\000s\000,\000\040\000a\000n\000d\000\040\000t\000h\000e\000\040\000B\000a\000s\000i\000c\000\040\000S\000t\000u\000f\000f}{}% 2
\BOOKMARK [1][-]{section.3}{\376\377\0003\000.\000\040\000D\000i\000f\000f\000e\000r\000e\000n\000t\000i\000a\000t\000i\000o\000n}{}% 3
\BOOKMARK [1][-]{section.4}{\376\377\0004\000.\000\040\000T\000h\000e\000\040\000C\000h\000a\000i\000n\000\040\000R\000u\000l\000e}{}% 4
\BOOKMARK [1][-]{section.5}{\376\377\0005\000.\000\040\000R\000u\000l\000e\000s\000\040\000f\000o\000r\000\040\000T\000a\000k\000i\000n\000g\000\040\000D\000e\000r\000i\000v\000a\000t\000i\000v\000e\000s}{}% 5
\BOOKMARK [1][-]{section.6}{\376\377\0006\000.\000\040\000T\000h\000e\000\040\000I\000n\000v\000e\000r\000s\000e\000\040\000F\000u\000n\000c\000t\000i\000o\000n\000\040\000T\000h\000e\000o\000r\000e\000m}{}% 6
\BOOKMARK [2][-]{subsection.6.1}{\376\377\0006\000.\0001\000.\000\040\000I\000n\000t\000r\000o\000d\000u\000c\000t\000i\000o\000n}{section.6}% 7
\BOOKMARK [2][-]{subsection.6.2}{\376\377\0006\000.\0002\000.\000\040\000T\000h\000e\000\040\000P\000r\000o\000o\000f}{section.6}% 8
\BOOKMARK [1][-]{section.7}{\376\377\0007\000.\000\040\000T\000h\000e\000\040\000I\000m\000p\000l\000i\000c\000i\000t\000\040\000F\000u\000n\000c\000t\000i\000o\000n\000\040\000T\000h\000e\000o\000r\000e\000m}{}% 9
\BOOKMARK [1][-]{section.8}{\376\377\0008\000.\000\040\000I\000n\000t\000e\000g\000r\000a\000t\000i\000o\000n}{}% 10
\BOOKMARK [1][-]{section.9}{\376\377\0009\000.\000\040\000M\000u\000n\000k\000r\000e\000s\000\040\000E\000x\000e\000r\000c\000i\000s\000e\000s}{}% 11
\BOOKMARK [2][-]{subsection.9.1}{\376\377\0009\000.\0001\000.\000\040\000M\000u\000n\000k\000r\000e\000s\000\040\000P\000r\000o\000b\000l\000e\000m\000\040\0001\000.\0003}{section.9}% 12
\BOOKMARK [2][-]{subsection.9.2}{\376\377\0009\000.\0002\000.\000\040\000M\000u\000n\000k\000r\000e\000s\000\040\000P\000r\000o\000b\000l\000e\000m\000\040\0002\000.\0005\000.\0002}{section.9}% 13
\BOOKMARK [2][-]{subsection.9.3}{\376\377\0009\000.\0003\000.\000\040\000M\000u\000n\000k\000r\000e\000s\000\040\000P\000r\000o\000b\000l\000e\000m\000\040\0002\000.\0005\000.\0003}{section.9}% 14
\BOOKMARK [2][-]{subsection.9.4}{\376\377\0009\000.\0004\000.\000\040\000M\000u\000n\000k\000r\000e\000s\000\040\000P\000r\000o\000b\000l\000e\000m\000\040\0002\000.\0005\000.\0004}{section.9}% 15
\BOOKMARK [2][-]{subsection.9.5}{\376\377\0009\000.\0005\000.\000\040\000M\000u\000n\000k\000r\000e\000s\000\040\000P\000r\000o\000b\000l\000e\000m\000\040\0002\000.\0005\000.\0005}{section.9}% 16
\BOOKMARK [2][-]{subsection.9.6}{\376\377\0009\000.\0006\000.\000\040\000M\000u\000n\000k\000r\000e\000s\000\040\000P\000r\000o\000b\000l\000e\000m\000\040\0002\000.\0005\000.\0006}{section.9}% 17
\BOOKMARK [2][-]{subsection.9.7}{\376\377\0009\000.\0007\000.\000\040\000M\000u\000n\000k\000r\000e\000s\000\040\000P\000r\000o\000b\000l\000e\000m\000\040\0002\000.\0005\000.\0007}{section.9}% 18
\BOOKMARK [2][-]{subsection.9.8}{\376\377\0009\000.\0008\000.\000\040\000M\000u\000n\000k\000r\000e\000s\000\040\000P\000r\000o\000b\000l\000e\000m\000\040\0002\000.\0006\000.\0001}{section.9}% 19
\BOOKMARK [2][-]{subsection.9.9}{\376\377\0009\000.\0009\000.\000\040\000M\000u\000n\000k\000r\000e\000s\000\040\000P\000r\000o\000b\000l\000e\000m\000\040\0002\000.\0006\000.\0004}{section.9}% 20
\BOOKMARK [2][-]{subsection.9.10}{\376\377\0009\000.\0001\0000\000.\000\040\000M\000u\000n\000k\000r\000e\000s\000\040\000P\000r\000o\000b\000l\000e\000m\000\040\0002\000.\0007\000.\0004}{section.9}% 21
\BOOKMARK [1][-]{section.10}{\376\377\0001\0000\000.\000\040\000S\000p\000i\000v\000a\000k\000\040\000E\000x\000e\000r\000c\000i\000s\000e\000s}{}% 22
\BOOKMARK [1][-]{section.11}{\376\377\0001\0001\000.\000\040\000O\000t\000h\000e\000r\000\040\000S\000t\000u\000f\000f}{}% 23
\BOOKMARK [1][-]{section.12}{\376\377\0001\0002\000.\000\040\000M\000A\000T\0002\0005\0007\000:\000\040\0002\0000\0002\0000\000\040\000T\000e\000r\000m\000\040\000T\000e\000s\000t\000\040\0001\000\040\000R\000e\000j\000e\000c\000t\000s}{}% 24
\BOOKMARK [1][-]{section.13}{\376\377\0001\0003\000.\000\040\000M\000A\000T\0002\0005\0007\000:\000\040\0002\0000\0002\0000\000\040\000T\000e\000r\000m\000\040\000T\000e\000s\000t}{}% 25
\BOOKMARK [2][-]{subsection.13.1}{\376\377\0001\0003\000.\0001\000.\000\040\000P\000r\000o\000b\000l\000e\000m\000\040\0001}{section.13}% 26
\BOOKMARK [2][-]{subsection.13.2}{\376\377\0001\0003\000.\0002\000.\000\040\000P\000r\000o\000b\000l\000e\000m\000\040\0002}{section.13}% 27
\BOOKMARK [2][-]{subsection.13.3}{\376\377\0001\0003\000.\0003\000.\000\040\000P\000r\000o\000b\000l\000e\000m\000\040\0003}{section.13}% 28
\BOOKMARK [2][-]{subsection.13.4}{\376\377\0001\0003\000.\0004\000.\000\040\000P\000r\000o\000b\000l\000e\000m\000\040\0004}{section.13}% 29
\BOOKMARK [2][-]{subsection.13.5}{\376\377\0001\0003\000.\0005\000.\000\040\000P\000r\000o\000b\000l\000e\000m\000\040\0005}{section.13}% 30
\BOOKMARK [1][-]{section.14}{\376\377\0001\0004\000.\000\040\000M\000A\000T\0002\0005\0007\000:\000\040\0002\0000\0002\0000\000\040\000F\000i\000n\000a\000l\000\040\000E\000x\000a\000m\000\040\000R\000e\000j\000e\000c\000t\000s}{}% 31
\BOOKMARK [1][-]{section.15}{\376\377\0001\0005\000.\000\040\000M\000A\000T\0002\0005\0007\000:\000\040\0002\0000\0001\0006\000\040\000T\000e\000r\000m\000\040\000T\000e\000s\000t}{}% 32
\BOOKMARK [1][-]{section.16}{\376\377\0001\0006\000.\000\040\000A\000x\000i\000s\000\040\000C\000r\000a\000w\000l\000\040\000S\000t\000u\000f\000f}{}% 33
\BOOKMARK [1][-]{section.17}{\376\377\0001\0007\000.\000\040\000P\000r\000o\000o\000f\000\040\000o\000f\000\040\000I\000n\000v\000e\000r\000s\000e\000\040\000F\000u\000n\000c\000t\000i\000o\000n\000\040\000T\000h\000e\000o\000r\000e\000m\000\040\000a\000n\000d\000\040\000I\000m\000p\000l\000i\000c\000i\000t\000\040\000F\000u\000n\000c\000t\000i\000o\000n\000\040\000T\000h\000e\000o\000r\000e\000m\000\040\000\050\000A\000g\000a\000i\000n\000\051}{}% 34
