\BOOKMARK [1][-]{section.1}{\376\377\0001\000.\000\040\000P\000r\000o\000b\000l\000e\000m\000\040\0001}{}% 1
\BOOKMARK [1][-]{section.2}{\376\377\0002\000.\000\040\000P\000r\000o\000b\000l\000e\000m\000\040\0002}{}% 2
\BOOKMARK [2][-]{subsection.2.1}{\376\377\0002\000.\0001\000.\000\040\000P\000a\000r\000t\000\040\000A}{section.2}% 3
\BOOKMARK [2][-]{subsection.2.2}{\376\377\0002\000.\0002\000.\000\040\000P\000a\000r\000t\000\040\000B}{section.2}% 4
\BOOKMARK [1][-]{section.3}{\376\377\0003\000.\000\040\000P\000r\000o\000b\000l\000e\000m\000\040\0003}{}% 5
\BOOKMARK [1][-]{section.4}{\376\377\0004\000.\000\040\000P\000r\000o\000b\000l\000e\000m\000\040\0004}{}% 6
\BOOKMARK [1][-]{section.5}{\376\377\0005\000.\000\040\000P\000r\000o\000b\000l\000e\000m\000\040\0005}{}% 7
\BOOKMARK [2][-]{subsection.5.1}{\376\377\0005\000.\0001\000.\000\040\000P\000a\000r\000t\000\040\000A}{section.5}% 8
\BOOKMARK [2][-]{subsection.5.2}{\376\377\0005\000.\0002\000.\000\040\000P\000a\000r\000t\000\040\000B}{section.5}% 9
\BOOKMARK [1][-]{section.6}{\376\377\0006\000.\000\040\000P\000r\000o\000b\000l\000e\000m\000\040\0006}{}% 10
\BOOKMARK [1][-]{section.7}{\376\377\0007\000.\000\040\000P\000r\000o\000b\000l\000e\000m\000\040\0008}{}% 11
\BOOKMARK [1][-]{section.8}{\376\377\0008\000.\000\040\000P\000r\000o\000b\000l\000e\000m\000\040\0001\0001}{}% 12
\BOOKMARK [1][-]{section.9}{\376\377\0009\000.\000\040\000P\000r\000o\000b\000l\000e\000m\000\040\0001\0002}{}% 13
\BOOKMARK [2][-]{subsection.9.1}{\376\377\0009\000.\0001\000.\000\040\000P\000a\000r\000t\000\040\000A}{section.9}% 14
\BOOKMARK [2][-]{subsection.9.2}{\376\377\0009\000.\0002\000.\000\040\000P\000a\000r\000t\000\040\000B}{section.9}% 15
\BOOKMARK [1][-]{section.10}{\376\377\0001\0000\000.\000\040\000P\000r\000o\000b\000l\000e\000m\000\040\0001\0003}{}% 16
\BOOKMARK [1][-]{section.11}{\376\377\0001\0001\000.\000\040\000P\000r\000o\000b\000l\000e\000m\000\040\0001\0004}{}% 17
\BOOKMARK [1][-]{section.12}{\376\377\0001\0002\000.\000\040\000P\000r\000o\000b\000l\000e\000m\000\040\0001\0005}{}% 18
\BOOKMARK [1][-]{section.13}{\376\377\0001\0003\000.\000\040\000P\000r\000o\000b\000l\000e\000m\000\040\0001\0006}{}% 19
\BOOKMARK [1][-]{section.14}{\376\377\0001\0004\000.\000\040\000P\000r\000o\000b\000l\000e\000m\000\040\0001\0007}{}% 20
